[0.014s] Invoking command in '/home/student/Documents/sprint2/build/scan_matching_localizer': CMAKE_PREFIX_PATH=${CMAKE_PREFIX_PATH}:/home/student/ros2_ws/install/turtlebot3_teleop:/home/student/ros2_ws/install/turtlebot3_example:/opt/ros/humble /usr/bin/cmake /home/student/Documents/sprint2/scan_matching_localizer -DCMAKE_INSTALL_PREFIX=/home/student/Documents/sprint2/install/scan_matching_localizer
[0.075s] -- The C compiler identification is GNU 11.4.0
[0.141s] -- The CXX compiler identification is GNU 11.4.0
[0.146s] -- Detecting C compiler ABI info
[0.226s] -- Detecting C compiler ABI info - done
[0.239s] -- Check for working C compiler: /usr/bin/cc - skipped
[0.239s] -- Detecting C compile features
[0.239s] -- Detecting C compile features - done
[0.240s] -- Detecting CXX compiler ABI info
[0.333s] -- Detecting CXX compiler ABI info - done
[0.346s] -- Check for working CXX compiler: /usr/bin/c++ - skipped
[0.346s] -- Detecting CXX compile features
[0.347s] -- Detecting CXX compile features - done
[0.354s] -- Found ament_cmake: 1.3.9 (/opt/ros/humble/share/ament_cmake/cmake)
[0.535s] -- Found Python3: /usr/bin/python3 (found version "3.10.12") found components: Interpreter 
[0.660s] -- Found rclcpp: 16.0.9 (/opt/ros/humble/share/rclcpp/cmake)
[0.725s] -- Found rosidl_generator_c: 3.1.5 (/opt/ros/humble/share/rosidl_generator_c/cmake)
[0.734s] -- Found rosidl_adapter: 3.1.5 (/opt/ros/humble/share/rosidl_adapter/cmake)
[0.749s] -- Found rosidl_generator_cpp: 3.1.5 (/opt/ros/humble/share/rosidl_generator_cpp/cmake)
[0.769s] -- Using all available rosidl_typesupport_c: rosidl_typesupport_fastrtps_c;rosidl_typesupport_introspection_c
[0.794s] -- Using all available rosidl_typesupport_cpp: rosidl_typesupport_fastrtps_cpp;rosidl_typesupport_introspection_cpp
[0.889s] -- Found rmw_implementation_cmake: 6.1.2 (/opt/ros/humble/share/rmw_implementation_cmake/cmake)
[0.893s] -- Found rmw_fastrtps_cpp: 6.2.6 (/opt/ros/humble/share/rmw_fastrtps_cpp/cmake)
[1.015s] -- Found OpenSSL: /usr/lib/x86_64-linux-gnu/libcrypto.so (found version "3.0.2")  
[1.048s] -- Found FastRTPS: /opt/ros/humble/include  
[1.100s] -- Using RMW implementation 'rmw_fastrtps_cpp' as default
[1.115s] -- Looking for pthread.h
[1.202s] -- Looking for pthread.h - found
[1.202s] -- Performing Test CMAKE_HAVE_LIBC_PTHREAD
[1.287s] -- Performing Test CMAKE_HAVE_LIBC_PTHREAD - Success
[1.288s] -- Found Threads: TRUE  
[1.470s] -- Found sensor_msgs: 4.2.4 (/opt/ros/humble/share/sensor_msgs/cmake)
[1.608s] -- Found nav_msgs: 4.2.4 (/opt/ros/humble/share/nav_msgs/cmake)
[1.700s] -- Found tf2_ros: 0.25.7 (/opt/ros/humble/share/tf2_ros/cmake)
[2.094s] -- Found tf2_geometry_msgs: 0.25.7 (/opt/ros/humble/share/tf2_geometry_msgs/cmake)
[2.116s] -- Found eigen3_cmake_module: 0.1.1 (/opt/ros/humble/share/eigen3_cmake_module/cmake)
[2.118s] -- Found Eigen3: TRUE (found version "3.4.0") 
[2.118s] -- Ensuring Eigen3 include directory is part of orocos-kdl CMake target
[2.136s] -- Found OpenCV: /usr (found version "4.5.4") 
[2.207s] -- Configuring done
[2.223s] -- Generating done
[2.226s] -- Build files have been written to: /home/student/Documents/sprint2/build/scan_matching_localizer
[2.242s] Invoked command in '/home/student/Documents/sprint2/build/scan_matching_localizer' returned '0': CMAKE_PREFIX_PATH=${CMAKE_PREFIX_PATH}:/home/student/ros2_ws/install/turtlebot3_teleop:/home/student/ros2_ws/install/turtlebot3_example:/opt/ros/humble /usr/bin/cmake /home/student/Documents/sprint2/scan_matching_localizer -DCMAKE_INSTALL_PREFIX=/home/student/Documents/sprint2/install/scan_matching_localizer
[2.245s] Invoking command in '/home/student/Documents/sprint2/build/scan_matching_localizer': CMAKE_PREFIX_PATH=${CMAKE_PREFIX_PATH}:/home/student/ros2_ws/install/turtlebot3_teleop:/home/student/ros2_ws/install/turtlebot3_example:/opt/ros/humble /usr/bin/cmake --build /home/student/Documents/sprint2/build/scan_matching_localizer -- -j8 -l8
[2.306s] [ 50%] [32mBuilding CXX object CMakeFiles/scan_matching_localizer.dir/src/scan_matching_localizer.cpp.o[0m
[15.497s] [100%] [32m[1mLinking CXX executable scan_matching_localizer[0m
[16.482s] [100%] Built target scan_matching_localizer
[16.496s] Invoked command in '/home/student/Documents/sprint2/build/scan_matching_localizer' returned '0': CMAKE_PREFIX_PATH=${CMAKE_PREFIX_PATH}:/home/student/ros2_ws/install/turtlebot3_teleop:/home/student/ros2_ws/install/turtlebot3_example:/opt/ros/humble /usr/bin/cmake --build /home/student/Documents/sprint2/build/scan_matching_localizer -- -j8 -l8
[16.543s] Invoking command in '/home/student/Documents/sprint2/build/scan_matching_localizer': CMAKE_PREFIX_PATH=${CMAKE_PREFIX_PATH}:/home/student/ros2_ws/install/turtlebot3_teleop:/home/student/ros2_ws/install/turtlebot3_example:/opt/ros/humble /usr/bin/cmake --install /home/student/Documents/sprint2/build/scan_matching_localizer
[16.552s] -- Install configuration: ""
[16.552s] -- Installing: /home/student/Documents/sprint2/install/scan_matching_localizer/lib/scan_matching_localizer/scan_matching_localizer
[16.560s] -- Set runtime path of "/home/student/Documents/sprint2/install/scan_matching_localizer/lib/scan_matching_localizer/scan_matching_localizer" to ""
[16.560s] -- Installing: /home/student/Documents/sprint2/install/scan_matching_localizer/share/ament_index/resource_index/package_run_dependencies/scan_matching_localizer
[16.561s] -- Installing: /home/student/Documents/sprint2/install/scan_matching_localizer/share/ament_index/resource_index/parent_prefix_path/scan_matching_localizer
[16.561s] -- Installing: /home/student/Documents/sprint2/install/scan_matching_localizer/share/scan_matching_localizer/environment/ament_prefix_path.sh
[16.561s] -- Installing: /home/student/Documents/sprint2/install/scan_matching_localizer/share/scan_matching_localizer/environment/ament_prefix_path.dsv
[16.561s] -- Installing: /home/student/Documents/sprint2/install/scan_matching_localizer/share/scan_matching_localizer/environment/path.sh
[16.561s] -- Installing: /home/student/Documents/sprint2/install/scan_matching_localizer/share/scan_matching_localizer/environment/path.dsv
[16.561s] -- Installing: /home/student/Documents/sprint2/install/scan_matching_localizer/share/scan_matching_localizer/local_setup.bash
[16.562s] -- Installing: /home/student/Documents/sprint2/install/scan_matching_localizer/share/scan_matching_localizer/local_setup.sh
[16.562s] -- Installing: /home/student/Documents/sprint2/install/scan_matching_localizer/share/scan_matching_localizer/local_setup.zsh
[16.562s] -- Installing: /home/student/Documents/sprint2/install/scan_matching_localizer/share/scan_matching_localizer/local_setup.dsv
[16.562s] -- Installing: /home/student/Documents/sprint2/install/scan_matching_localizer/share/scan_matching_localizer/package.dsv
[16.562s] -- Installing: /home/student/Documents/sprint2/install/scan_matching_localizer/share/ament_index/resource_index/packages/scan_matching_localizer
[16.562s] -- Installing: /home/student/Documents/sprint2/install/scan_matching_localizer/share/scan_matching_localizer/cmake/scan_matching_localizerConfig.cmake
[16.563s] -- Installing: /home/student/Documents/sprint2/install/scan_matching_localizer/share/scan_matching_localizer/cmake/scan_matching_localizerConfig-version.cmake
[16.563s] -- Installing: /home/student/Documents/sprint2/install/scan_matching_localizer/share/scan_matching_localizer/package.xml
[16.565s] Invoked command in '/home/student/Documents/sprint2/build/scan_matching_localizer' returned '0': CMAKE_PREFIX_PATH=${CMAKE_PREFIX_PATH}:/home/student/ros2_ws/install/turtlebot3_teleop:/home/student/ros2_ws/install/turtlebot3_example:/opt/ros/humble /usr/bin/cmake --install /home/student/Documents/sprint2/build/scan_matching_localizer
