[0.113s] DEBUG:colcon:Command line arguments: ['/usr/bin/colcon', 'build', '--packages-select', 'scan_matching_localizer']
[0.113s] DEBUG:colcon:Parsed command line arguments: Namespace(log_base=None, log_level=None, verb_name='build', build_base='build', install_base='install', merge_install=False, symlink_install=False, test_result_base=None, continue_on_error=False, executor='parallel', parallel_workers=8, event_handlers=None, ignore_user_meta=False, metas=['./colcon.meta'], base_paths=['.'], packages_ignore=None, packages_ignore_regex=None, paths=None, packages_up_to=None, packages_up_to_regex=None, packages_above=None, packages_above_and_dependencies=None, packages_above_depth=None, packages_select_by_dep=None, packages_skip_by_dep=None, packages_skip_up_to=None, packages_select_build_failed=False, packages_skip_build_finished=False, packages_select_test_failures=False, packages_skip_test_passed=False, packages_select=['scan_matching_localizer'], packages_skip=None, packages_select_regex=None, packages_skip_regex=None, packages_start=None, packages_end=None, allow_overriding=[], cmake_args=None, cmake_target=None, cmake_target_skip_unavailable=False, cmake_clean_cache=False, cmake_clean_first=False, cmake_force_configure=False, ament_cmake_args=None, catkin_cmake_args=None, catkin_skip_building_tests=False, mixin_files=None, mixin=None, verb_parser=<colcon_mixin.mixin.mixin_argument.MixinArgumentDecorator object at 0x7baafe3338e0>, verb_extension=<colcon_core.verb.build.BuildVerb object at 0x7baafe332ec0>, main=<bound method BuildVerb.main of <colcon_core.verb.build.BuildVerb object at 0x7baafe332ec0>>, mixin_verb=('build',))
[0.293s] Level 1:colcon.colcon_core.package_discovery:discover_packages(colcon_meta) check parameters
[0.293s] Level 1:colcon.colcon_core.package_discovery:discover_packages(recursive) check parameters
[0.293s] Level 1:colcon.colcon_core.package_discovery:discover_packages(ignore) check parameters
[0.293s] Level 1:colcon.colcon_core.package_discovery:discover_packages(path) check parameters
[0.293s] Level 1:colcon.colcon_core.package_discovery:discover_packages(colcon_meta) discover
[0.293s] Level 1:colcon.colcon_core.package_discovery:discover_packages(recursive) discover
[0.293s] INFO:colcon.colcon_core.package_discovery:Crawling recursively for packages in '/home/student/Documents/sprint2'
[0.293s] Level 1:colcon.colcon_core.package_identification:_identify(.) by extensions ['ignore', 'ignore_ament_install']
[0.293s] Level 1:colcon.colcon_core.package_identification:_identify(.) by extension 'ignore'
[0.293s] Level 1:colcon.colcon_core.package_identification:_identify(.) by extension 'ignore_ament_install'
[0.294s] Level 1:colcon.colcon_core.package_identification:_identify(.) by extensions ['colcon_pkg']
[0.294s] Level 1:colcon.colcon_core.package_identification:_identify(.) by extension 'colcon_pkg'
[0.294s] Level 1:colcon.colcon_core.package_identification:_identify(.) by extensions ['colcon_meta']
[0.294s] Level 1:colcon.colcon_core.package_identification:_identify(.) by extension 'colcon_meta'
[0.294s] Level 1:colcon.colcon_core.package_identification:_identify(.) by extensions ['ros']
[0.294s] Level 1:colcon.colcon_core.package_identification:_identify(.) by extension 'ros'
[0.305s] Level 1:colcon.colcon_core.package_identification:_identify(.) by extensions ['cmake', 'python']
[0.305s] Level 1:colcon.colcon_core.package_identification:_identify(.) by extension 'cmake'
[0.305s] Level 1:colcon.colcon_core.package_identification:_identify(.) by extension 'python'
[0.305s] Level 1:colcon.colcon_core.package_identification:_identify(.) by extensions ['python_setup_py']
[0.305s] Level 1:colcon.colcon_core.package_identification:_identify(.) by extension 'python_setup_py'
[0.305s] Level 1:colcon.colcon_core.package_identification:_identify(build) by extensions ['ignore', 'ignore_ament_install']
[0.305s] Level 1:colcon.colcon_core.package_identification:_identify(build) by extension 'ignore'
[0.305s] Level 1:colcon.colcon_core.package_identification:_identify(build) ignored
[0.305s] Level 1:colcon.colcon_core.package_identification:_identify(install) by extensions ['ignore', 'ignore_ament_install']
[0.305s] Level 1:colcon.colcon_core.package_identification:_identify(install) by extension 'ignore'
[0.305s] Level 1:colcon.colcon_core.package_identification:_identify(install) ignored
[0.305s] Level 1:colcon.colcon_core.package_identification:_identify(log) by extensions ['ignore', 'ignore_ament_install']
[0.306s] Level 1:colcon.colcon_core.package_identification:_identify(log) by extension 'ignore'
[0.306s] Level 1:colcon.colcon_core.package_identification:_identify(log) ignored
[0.306s] Level 1:colcon.colcon_core.package_identification:_identify(scan_matching_localizer) by extensions ['ignore', 'ignore_ament_install']
[0.306s] Level 1:colcon.colcon_core.package_identification:_identify(scan_matching_localizer) by extension 'ignore'
[0.306s] Level 1:colcon.colcon_core.package_identification:_identify(scan_matching_localizer) by extension 'ignore_ament_install'
[0.306s] Level 1:colcon.colcon_core.package_identification:_identify(scan_matching_localizer) by extensions ['colcon_pkg']
[0.306s] Level 1:colcon.colcon_core.package_identification:_identify(scan_matching_localizer) by extension 'colcon_pkg'
[0.306s] Level 1:colcon.colcon_core.package_identification:_identify(scan_matching_localizer) by extensions ['colcon_meta']
[0.306s] Level 1:colcon.colcon_core.package_identification:_identify(scan_matching_localizer) by extension 'colcon_meta'
[0.306s] Level 1:colcon.colcon_core.package_identification:_identify(scan_matching_localizer) by extensions ['ros']
[0.306s] Level 1:colcon.colcon_core.package_identification:_identify(scan_matching_localizer) by extension 'ros'
[0.309s] DEBUG:colcon.colcon_core.package_identification:Package 'scan_matching_localizer' with type 'ros.ament_cmake' and name 'scan_matching_localizer'
[0.309s] Level 1:colcon.colcon_core.package_discovery:discover_packages(recursive) using defaults
[0.309s] Level 1:colcon.colcon_core.package_discovery:discover_packages(ignore) discover
[0.309s] Level 1:colcon.colcon_core.package_discovery:discover_packages(ignore) using defaults
[0.309s] Level 1:colcon.colcon_core.package_discovery:discover_packages(path) discover
[0.309s] Level 1:colcon.colcon_core.package_discovery:discover_packages(path) using defaults
[0.338s] Level 1:colcon.colcon_core.package_discovery:discover_packages(prefix_path) check parameters
[0.338s] Level 1:colcon.colcon_core.package_discovery:discover_packages(prefix_path) discover
[0.341s] DEBUG:colcon.colcon_installed_package_information.package_discovery:Found 23 installed packages in /home/student/ros2_ws/install
[0.342s] DEBUG:colcon.colcon_installed_package_information.package_discovery:Found 1 installed packages in /home/student/ros2_ws/src/install
[0.344s] DEBUG:colcon.colcon_installed_package_information.package_discovery:Found 386 installed packages in /opt/ros/humble
[0.345s] Level 1:colcon.colcon_core.package_discovery:discover_packages(prefix_path) using defaults
[0.394s] Level 5:colcon.colcon_core.verb:set package 'scan_matching_localizer' build argument 'cmake_args' from command line to 'None'
[0.394s] Level 5:colcon.colcon_core.verb:set package 'scan_matching_localizer' build argument 'cmake_target' from command line to 'None'
[0.394s] Level 5:colcon.colcon_core.verb:set package 'scan_matching_localizer' build argument 'cmake_target_skip_unavailable' from command line to 'False'
[0.394s] Level 5:colcon.colcon_core.verb:set package 'scan_matching_localizer' build argument 'cmake_clean_cache' from command line to 'False'
[0.394s] Level 5:colcon.colcon_core.verb:set package 'scan_matching_localizer' build argument 'cmake_clean_first' from command line to 'False'
[0.394s] Level 5:colcon.colcon_core.verb:set package 'scan_matching_localizer' build argument 'cmake_force_configure' from command line to 'False'
[0.394s] Level 5:colcon.colcon_core.verb:set package 'scan_matching_localizer' build argument 'ament_cmake_args' from command line to 'None'
[0.394s] Level 5:colcon.colcon_core.verb:set package 'scan_matching_localizer' build argument 'catkin_cmake_args' from command line to 'None'
[0.394s] Level 5:colcon.colcon_core.verb:set package 'scan_matching_localizer' build argument 'catkin_skip_building_tests' from command line to 'False'
[0.394s] DEBUG:colcon.colcon_core.verb:Building package 'scan_matching_localizer' with the following arguments: {'ament_cmake_args': None, 'build_base': '/home/student/Documents/sprint2/build/scan_matching_localizer', 'catkin_cmake_args': None, 'catkin_skip_building_tests': False, 'cmake_args': None, 'cmake_clean_cache': False, 'cmake_clean_first': False, 'cmake_force_configure': False, 'cmake_target': None, 'cmake_target_skip_unavailable': False, 'install_base': '/home/student/Documents/sprint2/install/scan_matching_localizer', 'merge_install': False, 'path': '/home/student/Documents/sprint2/scan_matching_localizer', 'symlink_install': False, 'test_result_base': None}
[0.394s] INFO:colcon.colcon_core.executor:Executing jobs using 'parallel' executor
[0.395s] DEBUG:colcon.colcon_parallel_executor.executor.parallel:run_until_complete
[0.395s] INFO:colcon.colcon_ros.task.ament_cmake.build:Building ROS package in '/home/student/Documents/sprint2/scan_matching_localizer' with build type 'ament_cmake'
[0.396s] INFO:colcon.colcon_cmake.task.cmake.build:Building CMake package in '/home/student/Documents/sprint2/scan_matching_localizer'
[0.398s] INFO:colcon.colcon_core.plugin_system:Skipping extension 'colcon_core.shell.bat': Not used on non-Windows systems
[0.398s] INFO:colcon.colcon_core.shell:Skip shell extension 'powershell' for command environment: Not usable outside of PowerShell
[0.398s] DEBUG:colcon.colcon_core.shell:Skip shell extension 'dsv' for command environment
[0.410s] DEBUG:colcon.colcon_core.event_handler.log_command:Invoking command in '/home/student/Documents/sprint2/build/scan_matching_localizer': CMAKE_PREFIX_PATH=${CMAKE_PREFIX_PATH}:/home/student/ros2_ws/install/turtlebot3_teleop:/home/student/ros2_ws/install/turtlebot3_example:/opt/ros/humble /usr/bin/cmake /home/student/Documents/sprint2/scan_matching_localizer -DCMAKE_INSTALL_PREFIX=/home/student/Documents/sprint2/install/scan_matching_localizer
[2.639s] DEBUG:colcon.colcon_core.event_handler.log_command:Invoked command in '/home/student/Documents/sprint2/build/scan_matching_localizer' returned '0': CMAKE_PREFIX_PATH=${CMAKE_PREFIX_PATH}:/home/student/ros2_ws/install/turtlebot3_teleop:/home/student/ros2_ws/install/turtlebot3_example:/opt/ros/humble /usr/bin/cmake /home/student/Documents/sprint2/scan_matching_localizer -DCMAKE_INSTALL_PREFIX=/home/student/Documents/sprint2/install/scan_matching_localizer
[2.641s] DEBUG:colcon.colcon_core.event_handler.log_command:Invoking command in '/home/student/Documents/sprint2/build/scan_matching_localizer': CMAKE_PREFIX_PATH=${CMAKE_PREFIX_PATH}:/home/student/ros2_ws/install/turtlebot3_teleop:/home/student/ros2_ws/install/turtlebot3_example:/opt/ros/humble /usr/bin/cmake --build /home/student/Documents/sprint2/build/scan_matching_localizer -- -j8 -l8
[16.893s] DEBUG:colcon.colcon_core.event_handler.log_command:Invoked command in '/home/student/Documents/sprint2/build/scan_matching_localizer' returned '0': CMAKE_PREFIX_PATH=${CMAKE_PREFIX_PATH}:/home/student/ros2_ws/install/turtlebot3_teleop:/home/student/ros2_ws/install/turtlebot3_example:/opt/ros/humble /usr/bin/cmake --build /home/student/Documents/sprint2/build/scan_matching_localizer -- -j8 -l8
[16.940s] DEBUG:colcon.colcon_core.event_handler.log_command:Invoking command in '/home/student/Documents/sprint2/build/scan_matching_localizer': CMAKE_PREFIX_PATH=${CMAKE_PREFIX_PATH}:/home/student/ros2_ws/install/turtlebot3_teleop:/home/student/ros2_ws/install/turtlebot3_example:/opt/ros/humble /usr/bin/cmake --install /home/student/Documents/sprint2/build/scan_matching_localizer
[16.960s] Level 1:colcon.colcon_core.environment:create_environment_scripts_only(scan_matching_localizer)
[16.961s] DEBUG:colcon.colcon_core.event_handler.log_command:Invoked command in '/home/student/Documents/sprint2/build/scan_matching_localizer' returned '0': CMAKE_PREFIX_PATH=${CMAKE_PREFIX_PATH}:/home/student/ros2_ws/install/turtlebot3_teleop:/home/student/ros2_ws/install/turtlebot3_example:/opt/ros/humble /usr/bin/cmake --install /home/student/Documents/sprint2/build/scan_matching_localizer
[16.963s] Level 1:colcon.colcon_core.environment:checking '/home/student/Documents/sprint2/install/scan_matching_localizer' for CMake module files
[16.964s] Level 1:colcon.colcon_core.environment:checking '/home/student/Documents/sprint2/install/scan_matching_localizer' for CMake config files
[16.964s] Level 1:colcon.colcon_core.shell:create_environment_hook('scan_matching_localizer', 'cmake_prefix_path')
[16.964s] INFO:colcon.colcon_core.shell:Creating environment hook '/home/student/Documents/sprint2/install/scan_matching_localizer/share/scan_matching_localizer/hook/cmake_prefix_path.ps1'
[16.965s] INFO:colcon.colcon_core.shell:Creating environment descriptor '/home/student/Documents/sprint2/install/scan_matching_localizer/share/scan_matching_localizer/hook/cmake_prefix_path.dsv'
[16.965s] INFO:colcon.colcon_core.shell:Creating environment hook '/home/student/Documents/sprint2/install/scan_matching_localizer/share/scan_matching_localizer/hook/cmake_prefix_path.sh'
[16.966s] Level 1:colcon.colcon_core.environment:checking '/home/student/Documents/sprint2/install/scan_matching_localizer/lib'
[16.966s] Level 1:colcon.colcon_core.environment:checking '/home/student/Documents/sprint2/install/scan_matching_localizer/bin'
[16.967s] Level 1:colcon.colcon_core.environment:checking '/home/student/Documents/sprint2/install/scan_matching_localizer/lib/pkgconfig/scan_matching_localizer.pc'
[16.967s] Level 1:colcon.colcon_core.environment:checking '/home/student/Documents/sprint2/install/scan_matching_localizer/lib/python3.10/site-packages'
[16.967s] Level 1:colcon.colcon_core.environment:checking '/home/student/Documents/sprint2/install/scan_matching_localizer/bin'
[16.967s] INFO:colcon.colcon_core.shell:Creating package script '/home/student/Documents/sprint2/install/scan_matching_localizer/share/scan_matching_localizer/package.ps1'
[16.968s] INFO:colcon.colcon_core.shell:Creating package descriptor '/home/student/Documents/sprint2/install/scan_matching_localizer/share/scan_matching_localizer/package.dsv'
[16.969s] INFO:colcon.colcon_core.shell:Creating package script '/home/student/Documents/sprint2/install/scan_matching_localizer/share/scan_matching_localizer/package.sh'
[16.969s] INFO:colcon.colcon_core.shell:Creating package script '/home/student/Documents/sprint2/install/scan_matching_localizer/share/scan_matching_localizer/package.bash'
[16.970s] INFO:colcon.colcon_core.shell:Creating package script '/home/student/Documents/sprint2/install/scan_matching_localizer/share/scan_matching_localizer/package.zsh'
[16.971s] Level 1:colcon.colcon_core.environment:create_file_with_runtime_dependencies(/home/student/Documents/sprint2/install/scan_matching_localizer/share/colcon-core/packages/scan_matching_localizer)
[17.008s] Level 1:colcon.colcon_core.environment:create_environment_scripts_only(scan_matching_localizer)
[17.008s] Level 1:colcon.colcon_core.environment:checking '/home/student/Documents/sprint2/install/scan_matching_localizer' for CMake module files
[17.009s] Level 1:colcon.colcon_core.environment:checking '/home/student/Documents/sprint2/install/scan_matching_localizer' for CMake config files
[17.009s] Level 1:colcon.colcon_core.shell:create_environment_hook('scan_matching_localizer', 'cmake_prefix_path')
[17.009s] INFO:colcon.colcon_core.shell:Creating environment hook '/home/student/Documents/sprint2/install/scan_matching_localizer/share/scan_matching_localizer/hook/cmake_prefix_path.ps1'
[17.010s] INFO:colcon.colcon_core.shell:Creating environment descriptor '/home/student/Documents/sprint2/install/scan_matching_localizer/share/scan_matching_localizer/hook/cmake_prefix_path.dsv'
[17.010s] INFO:colcon.colcon_core.shell:Creating environment hook '/home/student/Documents/sprint2/install/scan_matching_localizer/share/scan_matching_localizer/hook/cmake_prefix_path.sh'
[17.011s] Level 1:colcon.colcon_core.environment:checking '/home/student/Documents/sprint2/install/scan_matching_localizer/lib'
[17.011s] Level 1:colcon.colcon_core.environment:checking '/home/student/Documents/sprint2/install/scan_matching_localizer/bin'
[17.011s] Level 1:colcon.colcon_core.environment:checking '/home/student/Documents/sprint2/install/scan_matching_localizer/lib/pkgconfig/scan_matching_localizer.pc'
[17.011s] Level 1:colcon.colcon_core.environment:checking '/home/student/Documents/sprint2/install/scan_matching_localizer/lib/python3.10/site-packages'
[17.011s] Level 1:colcon.colcon_core.environment:checking '/home/student/Documents/sprint2/install/scan_matching_localizer/bin'
[17.012s] INFO:colcon.colcon_core.shell:Creating package script '/home/student/Documents/sprint2/install/scan_matching_localizer/share/scan_matching_localizer/package.ps1'
[17.012s] INFO:colcon.colcon_core.shell:Creating package descriptor '/home/student/Documents/sprint2/install/scan_matching_localizer/share/scan_matching_localizer/package.dsv'
[17.013s] INFO:colcon.colcon_core.shell:Creating package script '/home/student/Documents/sprint2/install/scan_matching_localizer/share/scan_matching_localizer/package.sh'
[17.013s] INFO:colcon.colcon_core.shell:Creating package script '/home/student/Documents/sprint2/install/scan_matching_localizer/share/scan_matching_localizer/package.bash'
[17.014s] INFO:colcon.colcon_core.shell:Creating package script '/home/student/Documents/sprint2/install/scan_matching_localizer/share/scan_matching_localizer/package.zsh'
[17.014s] Level 1:colcon.colcon_core.environment:create_file_with_runtime_dependencies(/home/student/Documents/sprint2/install/scan_matching_localizer/share/colcon-core/packages/scan_matching_localizer)
[17.014s] DEBUG:colcon.colcon_parallel_executor.executor.parallel:closing loop
[17.015s] DEBUG:colcon.colcon_parallel_executor.executor.parallel:loop closed
[17.015s] DEBUG:colcon.colcon_parallel_executor.executor.parallel:run_until_complete finished with '0'
[17.015s] DEBUG:colcon.colcon_core.event_reactor:joining thread
[17.021s] INFO:colcon.colcon_core.plugin_system:Skipping extension 'colcon_notification.desktop_notification.terminal_notifier': Not used on non-Darwin systems
[17.021s] INFO:colcon.colcon_core.plugin_system:Skipping extension 'colcon_notification.desktop_notification.win32': Not used on non-Windows systems
[17.021s] INFO:colcon.colcon_notification.desktop_notification:Sending desktop notification using 'notify2'
[17.034s] DEBUG:colcon.colcon_core.event_reactor:joined thread
[17.034s] INFO:colcon.colcon_core.shell:Creating prefix script '/home/student/Documents/sprint2/install/local_setup.ps1'
[17.035s] INFO:colcon.colcon_core.shell:Creating prefix util module '/home/student/Documents/sprint2/install/_local_setup_util_ps1.py'
[17.036s] INFO:colcon.colcon_core.shell:Creating prefix chain script '/home/student/Documents/sprint2/install/setup.ps1'
[17.038s] INFO:colcon.colcon_core.shell:Creating prefix script '/home/student/Documents/sprint2/install/local_setup.sh'
[17.039s] INFO:colcon.colcon_core.shell:Creating prefix util module '/home/student/Documents/sprint2/install/_local_setup_util_sh.py'
[17.039s] INFO:colcon.colcon_core.shell:Creating prefix chain script '/home/student/Documents/sprint2/install/setup.sh'
[17.041s] INFO:colcon.colcon_core.shell:Creating prefix script '/home/student/Documents/sprint2/install/local_setup.bash'
[17.041s] INFO:colcon.colcon_core.shell:Creating prefix chain script '/home/student/Documents/sprint2/install/setup.bash'
[17.043s] INFO:colcon.colcon_core.shell:Creating prefix script '/home/student/Documents/sprint2/install/local_setup.zsh'
[17.044s] INFO:colcon.colcon_core.shell:Creating prefix chain script '/home/student/Documents/sprint2/install/setup.zsh'
